0 info it worked if it ends with ok
1 verbose cli [ '/usr/bin/nodejs', '/usr/bin/npm', 'adduser' ]
2 info using npm@1.4.21
3 info using node@v4.3.1
4 error Error: canceled
4 error     at Interface.<anonymous> (/usr/lib/nodejs/read.js:66:13)
4 error     at emitNone (events.js:67:13)
4 error     at Interface.emit (events.js:166:7)
4 error     at Interface._ttyWrite (readline.js:691:16)
4 error     at ReadStream.onkeypress (readline.js:106:10)
4 error     at emitTwo (events.js:87:13)
4 error     at ReadStream.emit (events.js:172:7)
4 error     at emitKeys (readline.js:1251:14)
4 error     at next (native)
4 error     at ReadStream.onData (readline.js:919:36)
5 error If you need help, you may report this *entire* log,
5 error including the npm and node versions, at:
5 error     <http://github.com/npm/npm/issues>
6 error System Linux 4.4.0-1-amd64
7 error command "/usr/bin/nodejs" "/usr/bin/npm" "adduser"
8 error cwd /home/usr/Documents/Dev/Coffeescript/IOServer
9 error node -v v4.3.1
10 error npm -v 1.4.21
11 verbose exit [ 1, true ]
